UserMailer#digest_email_update: processed outbound mail in 2.9ms
  [1m[35m (19.4ms)[0m  [1m[35mCREATE TABLE "schema_migrations" ("version" varchar NOT NULL PRIMARY KEY)[0m
  [1m[35m (11.5ms)[0m  [1m[35mCREATE TABLE "ar_internal_metadata" ("key" varchar NOT NULL PRIMARY KEY, "value" varchar, "created_at" datetime NOT NULL, "updated_at" datetime NOT NULL)[0m
  [1m[36mActiveRecord::SchemaMigration Load (0.4ms)[0m  [1m[34mSELECT "schema_migrations".* FROM "schema_migrations"[0m
Migrating to CreateUsers (20170418130458)
  [1m[35m (0.3ms)[0m  [1m[36mbegin transaction[0m
  [1m[35m (10.9ms)[0m  [1m[35mCREATE TABLE "users" ("id" INTEGER PRIMARY KEY AUTOINCREMENT NOT NULL, "name" varchar, "email" varchar, "created_at" datetime NOT NULL, "updated_at" datetime NOT NULL)[0m
  [1m[35mSQL (0.2ms)[0m  [1m[32mINSERT INTO "schema_migrations" ("version") VALUES (?)[0m  [["version", "20170418130458"]]
  [1m[35m (16.9ms)[0m  [1m[36mcommit transaction[0m
  [1m[36mActiveRecord::InternalMetadata Load (0.2ms)[0m  [1m[34mSELECT  "ar_internal_metadata".* FROM "ar_internal_metadata" WHERE "ar_internal_metadata"."key" = ? LIMIT ?[0m  [["key", :environment], ["LIMIT", 1]]
  [1m[35m (0.1ms)[0m  [1m[36mbegin transaction[0m
  [1m[35mSQL (3.2ms)[0m  [1m[32mINSERT INTO "ar_internal_metadata" ("key", "value", "created_at", "updated_at") VALUES (?, ?, ?, ?)[0m  [["key", "environment"], ["value", "development"], ["created_at", 2017-04-18 13:18:31 UTC], ["updated_at", 2017-04-18 13:18:31 UTC]]
  [1m[35m (15.7ms)[0m  [1m[36mcommit transaction[0m
  [1m[36mActiveRecord::SchemaMigration Load (0.1ms)[0m  [1m[34mSELECT "schema_migrations".* FROM "schema_migrations"[0m
UserMailer#digest_email_update: processed outbound mail in 2.7ms
UserMailer#demo_mail: processed outbound mail in 0.9ms
UserMailer#demo_mail: processed outbound mail in 0.9ms
UserMailer#demo_mail: processed outbound mail in 1.4ms
UserMailer#demo_mail: processed outbound mail in 0.9ms
UserMailer#demo_mail: processed outbound mail in 0.9ms
UserMailer#demo_mail: processed outbound mail in 0.9ms
UserMailer#demo_mail: processed outbound mail in 1.0ms
UserMailer#demo_mail: processed outbound mail in 1.0ms
UserMailer#demo_mail: processed outbound mail in 0.9ms
  [1m[35m (0.1ms)[0m  [1m[36mbegin transaction[0m
  [1m[35mSQL (1.2ms)[0m  [1m[32mINSERT INTO "users" ("name", "email", "created_at", "updated_at") VALUES (?, ?, ?, ?)[0m  [["name", "abc"], ["email", "a@gmail.com"], ["created_at", 2017-04-20 05:52:18 UTC], ["updated_at", 2017-04-20 05:52:18 UTC]]
  [1m[35m (10.2ms)[0m  [1m[36mcommit transaction[0m
  [1m[36mUser Load (0.3ms)[0m  [1m[34mSELECT  "users".* FROM "users" ORDER BY "users"."id" ASC LIMIT ?[0m  [["LIMIT", 1]]
UserMailer#demo_mail: processed outbound mail in 6.5ms
  [1m[36mUser Load (0.2ms)[0m  [1m[34mSELECT  "users".* FROM "users" ORDER BY "users"."id" ASC LIMIT ?[0m  [["LIMIT", 1]]
UserMailer#demo_mail: processed outbound mail in 3.9ms
  [1m[36mUser Load (0.4ms)[0m  [1m[34mSELECT  "users".* FROM "users" ORDER BY "users"."id" ASC LIMIT ?[0m  [["LIMIT", 1]]
  Rendering user_mailer/demo_mail.html.erb within layouts/mailer
  Rendered user_mailer/demo_mail.html.erb within layouts/mailer (1.3ms)
UserMailer#demo_mail: processed outbound mail in 139.2ms
  [1m[36mUser Load (1.5ms)[0m  [1m[34mSELECT "users".* FROM "users"[0m
UserMailer#demo_mail: processed outbound mail in 20.8ms
  [1m[36mUser Load (0.4ms)[0m  [1m[34mSELECT  "users".* FROM "users" ORDER BY "users"."id" ASC LIMIT ?[0m  [["LIMIT", 1]]
  Rendering user_mailer/demo_mail.html.erb within layouts/mailer
  Rendered user_mailer/demo_mail.html.erb within layouts/mailer (1.4ms)
UserMailer#demo_mail: processed outbound mail in 111.6ms
  [1m[35m (0.1ms)[0m  [1m[36mbegin transaction[0m
  [1m[35mSQL (5099.6ms)[0m  [1m[32mINSERT INTO "users" ("name", "email", "created_at", "updated_at") VALUES (?, ?, ?, ?)[0m  [["name", "abc"], ["email", "thakkarkhushali25@gmail.com"], ["created_at", 2017-04-20 06:03:33 UTC], ["updated_at", 2017-04-20 06:03:33 UTC]]
  [1m[35m (0.1ms)[0m  [1m[31mrollback transaction[0m
  [1m[36mUser Load (0.2ms)[0m  [1m[34mSELECT "users".* FROM "users"[0m
  [1m[36mUser Load (0.8ms)[0m  [1m[34mSELECT  "users".* FROM "users" ORDER BY "users"."id" ASC LIMIT ?[0m  [["LIMIT", 1]]
  [1m[35m (0.1ms)[0m  [1m[36mbegin transaction[0m
  [1m[35mSQL (2.2ms)[0m  [1m[31mDELETE FROM "users" WHERE "users"."id" = ?[0m  [["id", 1]]
  [1m[35m (26.8ms)[0m  [1m[36mcommit transaction[0m
  [1m[35m (0.1ms)[0m  [1m[36mbegin transaction[0m
  [1m[35mSQL (1.3ms)[0m  [1m[32mINSERT INTO "users" ("name", "email", "created_at", "updated_at") VALUES (?, ?, ?, ?)[0m  [["name", "abc"], ["email", "thakkarkhushali25@gmail.com"], ["created_at", 2017-04-20 06:05:13 UTC], ["updated_at", 2017-04-20 06:05:13 UTC]]
  [1m[35m (23.3ms)[0m  [1m[36mcommit transaction[0m
  [1m[36mUser Load (0.1ms)[0m  [1m[34mSELECT "users".* FROM "users"[0m
  [1m[36mUser Load (0.2ms)[0m  [1m[34mSELECT  "users".* FROM "users" ORDER BY "users"."id" ASC LIMIT ?[0m  [["LIMIT", 1]]
  Rendering user_mailer/demo_mail.html.erb within layouts/mailer
  Rendered user_mailer/demo_mail.html.erb within layouts/mailer (1.7ms)
UserMailer#demo_mail: processed outbound mail in 125.9ms
  [1m[35m (0.1ms)[0m  [1m[36mbegin transaction[0m
  [1m[35mSQL (2.7ms)[0m  [1m[32mINSERT INTO "users" ("name", "email", "created_at", "updated_at") VALUES (?, ?, ?, ?)[0m  [["name", "abc"], ["email", "kinjal.chotaliya@bacancytechnology.com"], ["created_at", 2017-04-20 06:17:34 UTC], ["updated_at", 2017-04-20 06:17:34 UTC]]
  [1m[35m (25.3ms)[0m  [1m[36mcommit transaction[0m
  [1m[36mUser Load (0.2ms)[0m  [1m[34mSELECT  "users".* FROM "users" ORDER BY "users"."id" ASC LIMIT ?[0m  [["LIMIT", 1000]]
  [1m[36mUser Load (0.1ms)[0m  [1m[34mSELECT  "users".* FROM "users" ORDER BY "users"."id" ASC LIMIT ?[0m  [["LIMIT", 1000]]
  Rendering user_mailer/demo_mail.html.erb within layouts/mailer
  Rendered user_mailer/demo_mail.html.erb within layouts/mailer (1.0ms)
UserMailer#demo_mail: processed outbound mail in 109.6ms
  Rendering user_mailer/demo_mail.html.erb within layouts/mailer
  Rendered user_mailer/demo_mail.html.erb within layouts/mailer (0.2ms)
UserMailer#demo_mail: processed outbound mail in 16.9ms
  [1m[36mUser Load (0.1ms)[0m  [1m[34mSELECT  "users".* FROM "users" ORDER BY "users"."id" ASC LIMIT ?[0m  [["LIMIT", 1000]]
  Rendering user_mailer/demo_mail.html.erb within layouts/mailer
  Rendered user_mailer/demo_mail.html.erb within layouts/mailer (0.9ms)
Sent mail to thakkarkhushali25@gmail.com (3698.5ms)
Date: Thu, 20 Apr 2017 12:11:38 +0530
From: from@example.com
To: thakkarkhushali25@gmail.com
Message-ID: <58f8582257af3_f80de90cc55270@khushali1-VirtualBox.mail>
Subject: Greet User
Mime-Version: 1.0
Content-Type: text/html;
 charset=UTF-8
Content-Transfer-Encoding: 7bit

<!DOCTYPE html>
<html>
  <head>
    <meta http-equiv="Content-Type" content="text/html; charset=utf-8" />
    <style>
      /* Email styles need to be inline */
    </style>
  </head>

  <body>
    <!DOCTYPE html PUBLIC "-//W3C//DTD HTML 4.01 Transitional//EN"
  "http://www.w3.org/TR/html4/loose.dtd">
  <html lang="en">
  <head>
  <meta http-equiv="Content-Type" content="text/html; charset=utf-8">
  
  </head>
  <body>
  <strong><p>Dear ,</p></strong>
  <p>Hello, How are you ?</p>

  </body>
  </html>

  </body>
</html>

UserMailer#demo_mail: processed outbound mail in 3824.0ms
  Rendering user_mailer/demo_mail.html.erb within layouts/mailer
  Rendered user_mailer/demo_mail.html.erb within layouts/mailer (0.1ms)
Sent mail to kinjal.chotaliya@bacancytechnology.com (4362.0ms)
Date: Thu, 20 Apr 2017 12:11:45 +0530
From: from@example.com
To: kinjal.chotaliya@bacancytechnology.com
Message-ID: <58f8582960d5f_f80de90cc5532@khushali1-VirtualBox.mail>
Subject: Greet User
Mime-Version: 1.0
Content-Type: text/html;
 charset=UTF-8
Content-Transfer-Encoding: 7bit

<!DOCTYPE html>
<html>
  <head>
    <meta http-equiv="Content-Type" content="text/html; charset=utf-8" />
    <style>
      /* Email styles need to be inline */
    </style>
  </head>

  <body>
    <!DOCTYPE html PUBLIC "-//W3C//DTD HTML 4.01 Transitional//EN"
  "http://www.w3.org/TR/html4/loose.dtd">
  <html lang="en">
  <head>
  <meta http-equiv="Content-Type" content="text/html; charset=utf-8">
  
  </head>
  <body>
  <strong><p>Dear ,</p></strong>
  <p>Hello, How are you ?</p>

  </body>
  </html>

  </body>
</html>

UserMailer#demo_mail: processed outbound mail in 4377.8ms
  [1m[36mUser Load (0.1ms)[0m  [1m[34mSELECT  "users".* FROM "users" ORDER BY "users"."id" ASC LIMIT ?[0m  [["LIMIT", 1000]]
  Rendering user_mailer/demo_mail.html.erb within layouts/mailer
  Rendered user_mailer/demo_mail.html.erb within layouts/mailer (1.4ms)
Sent mail to thakkarkhushali25@gmail.com (4196.4ms)
Date: Thu, 20 Apr 2017 12:23:04 +0530
From: from@example.com
To: thakkarkhushali25@gmail.com
Message-ID: <58f85ad0166f7_105734f0d05547e@khushali1-VirtualBox.mail>
Subject: Greet User
Mime-Version: 1.0
Content-Type: text/html;
 charset=UTF-8
Content-Transfer-Encoding: 7bit

<!DOCTYPE html>
<html>
  <head>
    <meta http-equiv="Content-Type" content="text/html; charset=utf-8" />
    <style>
      /* Email styles need to be inline */
    </style>
  </head>

  <body>
    <!DOCTYPE html PUBLIC "-//W3C//DTD HTML 4.01 Transitional//EN"
  "http://www.w3.org/TR/html4/loose.dtd">
  <html lang="en">
  <head>
  <meta http-equiv="Content-Type" content="text/html; charset=utf-8">
  
  </head>
  <body>
  <strong><p>Dear ,</p></strong>
  <p>Hello, How are you ?</p>

  </body>
  </html>

  </body>
</html>

UserMailer#demo_mail: processed outbound mail in 4336.4ms
  Rendering user_mailer/demo_mail.html.erb within layouts/mailer
  Rendered user_mailer/demo_mail.html.erb within layouts/mailer (0.1ms)
Sent mail to kinjal.chotaliya@bacancytechnology.com (5800.0ms)
Date: Thu, 20 Apr 2017 12:23:11 +0530
From: from@example.com
To: kinjal.chotaliya@bacancytechnology.com
Message-ID: <58f85ad79a791_105734f0d0555f7@khushali1-VirtualBox.mail>
Subject: Greet User
Mime-Version: 1.0
Content-Type: text/html;
 charset=UTF-8
Content-Transfer-Encoding: 7bit

<!DOCTYPE html>
<html>
  <head>
    <meta http-equiv="Content-Type" content="text/html; charset=utf-8" />
    <style>
      /* Email styles need to be inline */
    </style>
  </head>

  <body>
    <!DOCTYPE html PUBLIC "-//W3C//DTD HTML 4.01 Transitional//EN"
  "http://www.w3.org/TR/html4/loose.dtd">
  <html lang="en">
  <head>
  <meta http-equiv="Content-Type" content="text/html; charset=utf-8">
  
  </head>
  <body>
  <strong><p>Dear ,</p></strong>
  <p>Hello, How are you ?</p>

  </body>
  </html>

  </body>
</html>

UserMailer#demo_mail: processed outbound mail in 5823.8ms
  [1m[36mUser Load (0.1ms)[0m  [1m[34mSELECT  "users".* FROM "users" ORDER BY "users"."id" ASC LIMIT ?[0m  [["LIMIT", 1000]]
  Rendering user_mailer/demo_mail.html.erb within layouts/mailer
  Rendered user_mailer/demo_mail.html.erb within layouts/mailer (1.0ms)
Sent mail to thakkarkhushali25@gmail.com (28951.7ms)
Date: Thu, 20 Apr 2017 12:25:04 +0530
From: from@example.com
To: thakkarkhushali25@gmail.com
Message-ID: <58f85b4849afd_10ddcef0cc148da@khushali1-VirtualBox.mail>
Subject: Greet User
Mime-Version: 1.0
Content-Type: text/html;
 charset=UTF-8
Content-Transfer-Encoding: 7bit

<!DOCTYPE html>
<html>
  <head>
    <meta http-equiv="Content-Type" content="text/html; charset=utf-8" />
    <style>
      /* Email styles need to be inline */
    </style>
  </head>

  <body>
    <!DOCTYPE html PUBLIC "-//W3C//DTD HTML 4.01 Transitional//EN"
  "http://www.w3.org/TR/html4/loose.dtd">
  <html lang="en">
  <head>
  <meta http-equiv="Content-Type" content="text/html; charset=utf-8">
  
  </head>
  <body>
  <strong><p>Dear ,</p></strong>
  <p>Hello, How are you ?</p>

  </body>
  </html>

  </body>
</html>

UserMailer#demo_mail: processed outbound mail in 29115.8ms
  Rendering user_mailer/demo_mail.html.erb within layouts/mailer
  Rendered user_mailer/demo_mail.html.erb within layouts/mailer (0.0ms)
Sent mail to kinjal.chotaliya@bacancytechnology.com (4249.3ms)
Date: Thu, 20 Apr 2017 12:25:36 +0530
From: from@example.com
To: kinjal.chotaliya@bacancytechnology.com
Message-ID: <58f85b68a1ab5_10ddcef0cc149a4@khushali1-VirtualBox.mail>
Subject: Greet User
Mime-Version: 1.0
Content-Type: text/html;
 charset=UTF-8
Content-Transfer-Encoding: 7bit

<!DOCTYPE html>
<html>
  <head>
    <meta http-equiv="Content-Type" content="text/html; charset=utf-8" />
    <style>
      /* Email styles need to be inline */
    </style>
  </head>

  <body>
    <!DOCTYPE html PUBLIC "-//W3C//DTD HTML 4.01 Transitional//EN"
  "http://www.w3.org/TR/html4/loose.dtd">
  <html lang="en">
  <head>
  <meta http-equiv="Content-Type" content="text/html; charset=utf-8">
  
  </head>
  <body>
  <strong><p>Dear ,</p></strong>
  <p>Hello, How are you ?</p>

  </body>
  </html>

  </body>
</html>

UserMailer#demo_mail: processed outbound mail in 4260.7ms
  [1m[36mUser Load (0.1ms)[0m  [1m[34mSELECT  "users".* FROM "users" ORDER BY "users"."id" ASC LIMIT ?[0m  [["LIMIT", 1000]]
  Rendering user_mailer/demo_mail.html.erb within layouts/mailer
  Rendered user_mailer/demo_mail.html.erb within layouts/mailer (1.0ms)
Sent mail to thakkarkhushali25@gmail.com (5022.8ms)
Date: Thu, 20 Apr 2017 16:00:03 +0530
From: from@example.com
To: thakkarkhushali25@gmail.com
Message-ID: <58f88dabc7ff5_14407690d070094@khushali1-VirtualBox.mail>
Subject: Greet User
Mime-Version: 1.0
Content-Type: text/html;
 charset=UTF-8
Content-Transfer-Encoding: 7bit

<!DOCTYPE html>
<html>
  <head>
    <meta http-equiv="Content-Type" content="text/html; charset=utf-8" />
    <style>
      /* Email styles need to be inline */
    </style>
  </head>

  <body>
    <!DOCTYPE html PUBLIC "-//W3C//DTD HTML 4.01 Transitional//EN"
  "http://www.w3.org/TR/html4/loose.dtd">
  <html lang="en">
  <head>
  <meta http-equiv="Content-Type" content="text/html; charset=utf-8">
  
  </head>
  <body>
  <strong><p>Dear ,</p></strong>
  <p>Hello, How are you ?</p>

  </body>
  </html>

  </body>
</html>

UserMailer#demo_mail: processed outbound mail in 5239.0ms
  Rendering user_mailer/demo_mail.html.erb within layouts/mailer
  Rendered user_mailer/demo_mail.html.erb within layouts/mailer (0.0ms)
Sent mail to kinjal.chotaliya@bacancytechnology.com (4286.5ms)
Date: Thu, 20 Apr 2017 16:00:12 +0530
From: from@example.com
To: kinjal.chotaliya@bacancytechnology.com
Message-ID: <58f88db426dda_14407690d0701c5@khushali1-VirtualBox.mail>
Subject: Greet User
Mime-Version: 1.0
Content-Type: text/html;
 charset=UTF-8
Content-Transfer-Encoding: 7bit

<!DOCTYPE html>
<html>
  <head>
    <meta http-equiv="Content-Type" content="text/html; charset=utf-8" />
    <style>
      /* Email styles need to be inline */
    </style>
  </head>

  <body>
    <!DOCTYPE html PUBLIC "-//W3C//DTD HTML 4.01 Transitional//EN"
  "http://www.w3.org/TR/html4/loose.dtd">
  <html lang="en">
  <head>
  <meta http-equiv="Content-Type" content="text/html; charset=utf-8">
  
  </head>
  <body>
  <strong><p>Dear ,</p></strong>
  <p>Hello, How are you ?</p>

  </body>
  </html>

  </body>
</html>

UserMailer#demo_mail: processed outbound mail in 4290.6ms
